<?xml version="1.0" encoding="UTF-8"?>
<testsuite name="com.dewisbrown.readinglist.ReadingListApplicationTests" tests="1" skipped="0" failures="0" errors="0" timestamp="2024-07-21T13:17:22" hostname="luis-macbook.local" time="0.79">
  <properties/>
  <testcase name="contextLoads()" classname="com.dewisbrown.readinglist.ReadingListApplicationTests" time="0.79"/>
  <system-out><![CDATA[08:17:18.420 [Test worker] INFO org.springframework.test.context.support.AnnotationConfigContextLoaderUtils -- Could not detect default configuration classes for test class [com.dewisbrown.readinglist.ReadingListApplicationTests]: ReadingListApplicationTests does not declare any static, non-private, non-final, nested classes annotated with @Configuration.
08:17:18.527 [Test worker] INFO org.springframework.boot.test.context.SpringBootTestContextBootstrapper -- Found @SpringBootConfiguration com.dewisbrown.readinglist.ReadingListApplication for test class com.dewisbrown.readinglist.ReadingListApplicationTests
  .   ____          _            __ _ _
 /\\ / ___'_ __ _ _(_)_ __  __ _ \ \ \ \
( ( )\___ | '_ | '_| | '_ \/ _` | \ \ \ \
 \\/  ___)| |_)| | | | | || (_| |  ) ) ) )
  '  |____| .__|_| |_|_| |_\__, | / / / /
 =========|_|==============|___/=/_/_/_/

 :: Spring Boot ::                (v3.3.0)

2024-07-21T08:17:18.919-05:00  INFO 61133 --- [Reading-List] [    Test worker] c.d.r.ReadingListApplicationTests        : Starting ReadingListApplicationTests using Java 21.0.1 with PID 61133 (started by luis in /Users/luis/SpringBoot-Projects/readinglist)
2024-07-21T08:17:18.921-05:00  INFO 61133 --- [Reading-List] [    Test worker] c.d.r.ReadingListApplicationTests        : No active profile set, falling back to 1 default profile: "default"
2024-07-21T08:17:19.587-05:00  INFO 61133 --- [Reading-List] [    Test worker] .s.d.r.c.RepositoryConfigurationDelegate : Bootstrapping Spring Data JPA repositories in DEFAULT mode.
2024-07-21T08:17:19.643-05:00  INFO 61133 --- [Reading-List] [    Test worker] .s.d.r.c.RepositoryConfigurationDelegate : Finished Spring Data repository scanning in 49 ms. Found 1 JPA repository interface.
2024-07-21T08:17:20.051-05:00  INFO 61133 --- [Reading-List] [    Test worker] com.zaxxer.hikari.HikariDataSource       : HikariPool-1 - Starting...
2024-07-21T08:17:20.219-05:00  INFO 61133 --- [Reading-List] [    Test worker] com.zaxxer.hikari.pool.HikariPool        : HikariPool-1 - Added connection conn0: url=jdbc:h2:mem:c3f764d9-c364-486a-966e-bddcc3303d25 user=SA
2024-07-21T08:17:20.220-05:00  INFO 61133 --- [Reading-List] [    Test worker] com.zaxxer.hikari.HikariDataSource       : HikariPool-1 - Start completed.
2024-07-21T08:17:20.266-05:00  INFO 61133 --- [Reading-List] [    Test worker] o.hibernate.jpa.internal.util.LogHelper  : HHH000204: Processing PersistenceUnitInfo [name: default]
2024-07-21T08:17:20.327-05:00  INFO 61133 --- [Reading-List] [    Test worker] org.hibernate.Version                    : HHH000412: Hibernate ORM core version 6.5.2.Final
2024-07-21T08:17:20.364-05:00  INFO 61133 --- [Reading-List] [    Test worker] o.h.c.internal.RegionFactoryInitiator    : HHH000026: Second-level cache disabled
2024-07-21T08:17:20.648-05:00  INFO 61133 --- [Reading-List] [    Test worker] o.s.o.j.p.SpringPersistenceUnitInfo      : No LoadTimeWeaver setup: ignoring JPA class transformer
2024-07-21T08:17:21.482-05:00  INFO 61133 --- [Reading-List] [    Test worker] o.h.e.t.j.p.i.JtaPlatformInitiator       : HHH000489: No JTA platform available (set 'hibernate.transaction.jta.platform' to enable JTA platform integration)
2024-07-21T08:17:21.517-05:00  INFO 61133 --- [Reading-List] [    Test worker] j.LocalContainerEntityManagerFactoryBean : Initialized JPA EntityManagerFactory for persistence unit 'default'
2024-07-21T08:17:21.972-05:00  WARN 61133 --- [Reading-List] [    Test worker] JpaBaseConfiguration$JpaWebConfiguration : spring.jpa.open-in-view is enabled by default. Therefore, database queries may be performed during view rendering. Explicitly configure spring.jpa.open-in-view to disable this warning
2024-07-21T08:17:21.998-05:00  INFO 61133 --- [Reading-List] [    Test worker] o.s.b.a.w.s.WelcomePageHandlerMapping    : Adding welcome page template: index
2024-07-21T08:17:22.393-05:00  INFO 61133 --- [Reading-List] [    Test worker] c.d.r.ReadingListApplicationTests        : Started ReadingListApplicationTests in 3.703 seconds (process running for 5.151)
]]></system-out>
  <system-err><![CDATA[WARNING: A Java agent has been loaded dynamically (/Users/luis/.gradle/caches/modules-2/files-2.1/net.bytebuddy/byte-buddy-agent/1.14.16/4a451ee6484abac3a498df0f3b33ed00a6fced4d/byte-buddy-agent-1.14.16.jar)
WARNING: If a serviceability tool is in use, please run with -XX:+EnableDynamicAgentLoading to hide this warning
WARNING: If a serviceability tool is not in use, please run with -Djdk.instrument.traceUsage for more information
WARNING: Dynamic loading of agents will be disallowed by default in a future release
]]></system-err>
</testsuite>
